Found 300 sessions
  synthetic_0000.ticks: 180 obs, 120 windows
  synthetic_0001.ticks: 180 obs, 120 windows
  synthetic_0002.ticks: 180 obs, 120 windows
  synthetic_0003.ticks: 180 obs, 120 windows
  synthetic_0004.ticks: 180 obs, 120 windows
  synthetic_0005.ticks: 180 obs, 120 windows
  synthetic_0006.ticks: 180 obs, 120 windows
  synthetic_0007.ticks: 180 obs, 120 windows
  synthetic_0008.ticks: 180 obs, 120 windows
  synthetic_0009.ticks: 180 obs, 120 windows
  synthetic_0010.ticks: 180 obs, 120 windows
  synthetic_0011.ticks: 180 obs, 120 windows
  synthetic_0012.ticks: 180 obs, 120 windows
  synthetic_0013.ticks: 180 obs, 120 windows
  synthetic_0014.ticks: 180 obs, 120 windows
  synthetic_0015.ticks: 180 obs, 120 windows
  synthetic_0016.ticks: 180 obs, 120 windows
  synthetic_0017.ticks: 180 obs, 120 windows
  synthetic_0018.ticks: 180 obs, 120 windows
  synthetic_0019.ticks: 180 obs, 120 windows
  synthetic_0020.ticks: 180 obs, 120 windows
  synthetic_0021.ticks: 180 obs, 120 windows
  synthetic_0022.ticks: 180 obs, 120 windows
  synthetic_0023.ticks: 180 obs, 120 windows
  synthetic_0024.ticks: 180 obs, 120 windows
  synthetic_0025.ticks: 180 obs, 120 windows
  synthetic_0026.ticks: 180 obs, 120 windows
  synthetic_0027.ticks: 180 obs, 120 windows
  synthetic_0028.ticks: 180 obs, 120 windows
  synthetic_0029.ticks: 180 obs, 120 windows
  synthetic_0030.ticks: 180 obs, 120 windows
  synthetic_0031.ticks: 180 obs, 120 windows
  synthetic_0032.ticks: 180 obs, 120 windows
  synthetic_0033.ticks: 180 obs, 120 windows
  synthetic_0034.ticks: 180 obs, 120 windows
  synthetic_0035.ticks: 180 obs, 120 windows
  synthetic_0036.ticks: 180 obs, 120 windows
  synthetic_0037.ticks: 180 obs, 120 windows
  synthetic_0038.ticks: 180 obs, 120 windows
  synthetic_0039.ticks: 180 obs, 120 windows
  synthetic_0040.ticks: 180 obs, 120 windows
  synthetic_0041.ticks: 180 obs, 120 windows
  synthetic_0042.ticks: 180 obs, 120 windows
  synthetic_0043.ticks: 180 obs, 120 windows
  synthetic_0044.ticks: 180 obs, 120 windows
  synthetic_0045.ticks: 180 obs, 120 windows
  synthetic_0046.ticks: 180 obs, 120 windows
  synthetic_0047.ticks: 180 obs, 120 windows
  synthetic_0048.ticks: 180 obs, 120 windows
  synthetic_0049.ticks: 180 obs, 120 windows
  synthetic_0050.ticks: 180 obs, 120 windows
  synthetic_0051.ticks: 180 obs, 120 windows
  synthetic_0052.ticks: 180 obs, 120 windows
  synthetic_0053.ticks: 180 obs, 120 windows
  synthetic_0054.ticks: 180 obs, 120 windows
  synthetic_0055.ticks: 180 obs, 120 windows
  synthetic_0056.ticks: 180 obs, 120 windows
  synthetic_0057.ticks: 180 obs, 120 windows
  synthetic_0058.ticks: 180 obs, 120 windows
  synthetic_0059.ticks: 180 obs, 120 windows
  synthetic_0060.ticks: 180 obs, 120 windows
  synthetic_0061.ticks: 180 obs, 120 windows
  synthetic_0062.ticks: 180 obs, 120 windows
  synthetic_0063.ticks: 180 obs, 120 windows
  synthetic_0064.ticks: 180 obs, 120 windows
  synthetic_0065.ticks: 180 obs, 120 windows
  synthetic_0066.ticks: 180 obs, 120 windows
  synthetic_0067.ticks: 180 obs, 120 windows
  synthetic_0068.ticks: 180 obs, 120 windows
  synthetic_0069.ticks: 180 obs, 120 windows
  synthetic_0070.ticks: 180 obs, 120 windows
  synthetic_0071.ticks: 180 obs, 120 windows
  synthetic_0072.ticks: 180 obs, 120 windows
  synthetic_0073.ticks: 180 obs, 120 windows
  synthetic_0074.ticks: 180 obs, 120 windows
  synthetic_0075.ticks: 180 obs, 120 windows
  synthetic_0076.ticks: 180 obs, 120 windows
  synthetic_0077.ticks: 180 obs, 120 windows
  synthetic_0078.ticks: 180 obs, 120 windows
  synthetic_0079.ticks: 180 obs, 120 windows
  synthetic_0080.ticks: 180 obs, 120 windows
  synthetic_0081.ticks: 180 obs, 120 windows
  synthetic_0082.ticks: 180 obs, 120 windows
  synthetic_0083.ticks: 180 obs, 120 windows
  synthetic_0084.ticks: 180 obs, 120 windows
  synthetic_0085.ticks: 180 obs, 120 windows
  synthetic_0086.ticks: 180 obs, 120 windows
  synthetic_0087.ticks: 180 obs, 120 windows
  synthetic_0088.ticks: 180 obs, 120 windows
  synthetic_0089.ticks: 180 obs, 120 windows
  synthetic_0090.ticks: 180 obs, 120 windows
  synthetic_0091.ticks: 180 obs, 120 windows
  synthetic_0092.ticks: 180 obs, 120 windows
  synthetic_0093.ticks: 180 obs, 120 windows
  synthetic_0094.ticks: 180 obs, 120 windows
  synthetic_0095.ticks: 180 obs, 120 windows
  synthetic_0096.ticks: 180 obs, 120 windows
  synthetic_0097.ticks: 180 obs, 120 windows
  synthetic_0098.ticks: 180 obs, 120 windows
  synthetic_0099.ticks: 180 obs, 120 windows
  synthetic_0100.ticks: 180 obs, 120 windows
  synthetic_0101.ticks: 180 obs, 120 windows
  synthetic_0102.ticks: 180 obs, 120 windows
  synthetic_0103.ticks: 180 obs, 120 windows
  synthetic_0104.ticks: 180 obs, 120 windows
  synthetic_0105.ticks: 180 obs, 120 windows
  synthetic_0106.ticks: 180 obs, 120 windows
  synthetic_0107.ticks: 180 obs, 120 windows
  synthetic_0108.ticks: 180 obs, 120 windows
  synthetic_0109.ticks: 180 obs, 120 windows
  synthetic_0110.ticks: 180 obs, 120 windows
  synthetic_0111.ticks: 180 obs, 120 windows
  synthetic_0112.ticks: 180 obs, 120 windows
  synthetic_0113.ticks: 180 obs, 120 windows
  synthetic_0114.ticks: 180 obs, 120 windows
  synthetic_0115.ticks: 180 obs, 120 windows
  synthetic_0116.ticks: 180 obs, 120 windows
  synthetic_0117.ticks: 180 obs, 120 windows
  synthetic_0118.ticks: 180 obs, 120 windows
  synthetic_0119.ticks: 180 obs, 120 windows
  synthetic_0120.ticks: 180 obs, 120 windows
  synthetic_0121.ticks: 180 obs, 120 windows
  synthetic_0122.ticks: 180 obs, 120 windows
  synthetic_0123.ticks: 180 obs, 120 windows
  synthetic_0124.ticks: 180 obs, 120 windows
  synthetic_0125.ticks: 180 obs, 120 windows
  synthetic_0126.ticks: 180 obs, 120 windows
  synthetic_0127.ticks: 180 obs, 120 windows
  synthetic_0128.ticks: 180 obs, 120 windows
  synthetic_0129.ticks: 180 obs, 120 windows
  synthetic_0130.ticks: 180 obs, 120 windows
  synthetic_0131.ticks: 180 obs, 120 windows
  synthetic_0132.ticks: 180 obs, 120 windows
  synthetic_0133.ticks: 180 obs, 120 windows
  synthetic_0134.ticks: 180 obs, 120 windows
  synthetic_0135.ticks: 180 obs, 120 windows
  synthetic_0136.ticks: 180 obs, 120 windows
  synthetic_0137.ticks: 180 obs, 120 windows
  synthetic_0138.ticks: 180 obs, 120 windows
  synthetic_0139.ticks: 180 obs, 120 windows
  synthetic_0140.ticks: 180 obs, 120 windows
  synthetic_0141.ticks: 180 obs, 120 windows
  synthetic_0142.ticks: 180 obs, 120 windows
  synthetic_0143.ticks: 180 obs, 120 windows
  synthetic_0144.ticks: 180 obs, 120 windows
  synthetic_0145.ticks: 180 obs, 120 windows
  synthetic_0146.ticks: 180 obs, 120 windows
  synthetic_0147.ticks: 180 obs, 120 windows
  synthetic_0148.ticks: 180 obs, 120 windows
  synthetic_0149.ticks: 180 obs, 120 windows
  synthetic_0150.ticks: 180 obs, 120 windows
  synthetic_0151.ticks: 180 obs, 120 windows
  synthetic_0152.ticks: 180 obs, 120 windows
  synthetic_0153.ticks: 180 obs, 120 windows
  synthetic_0154.ticks: 180 obs, 120 windows
  synthetic_0155.ticks: 180 obs, 120 windows
  synthetic_0156.ticks: 180 obs, 120 windows
  synthetic_0157.ticks: 180 obs, 120 windows
  synthetic_0158.ticks: 180 obs, 120 windows
  synthetic_0159.ticks: 180 obs, 120 windows
  synthetic_0160.ticks: 180 obs, 120 windows
  synthetic_0161.ticks: 180 obs, 120 windows
  synthetic_0162.ticks: 180 obs, 120 windows
  synthetic_0163.ticks: 180 obs, 120 windows
  synthetic_0164.ticks: 180 obs, 120 windows
  synthetic_0165.ticks: 180 obs, 120 windows
  synthetic_0166.ticks: 180 obs, 120 windows
  synthetic_0167.ticks: 180 obs, 120 windows
  synthetic_0168.ticks: 180 obs, 120 windows
  synthetic_0169.ticks: 180 obs, 120 windows
  synthetic_0170.ticks: 180 obs, 120 windows
  synthetic_0171.ticks: 180 obs, 120 windows
  synthetic_0172.ticks: 180 obs, 120 windows
  synthetic_0173.ticks: 180 obs, 120 windows
  synthetic_0174.ticks: 180 obs, 120 windows
  synthetic_0175.ticks: 180 obs, 120 windows
  synthetic_0176.ticks: 180 obs, 120 windows
  synthetic_0177.ticks: 180 obs, 120 windows
  synthetic_0178.ticks: 180 obs, 120 windows
  synthetic_0179.ticks: 180 obs, 120 windows
  synthetic_0180.ticks: 180 obs, 120 windows
  synthetic_0181.ticks: 180 obs, 120 windows
  synthetic_0182.ticks: 180 obs, 120 windows
  synthetic_0183.ticks: 180 obs, 120 windows
  synthetic_0184.ticks: 180 obs, 120 windows
  synthetic_0185.ticks: 180 obs, 120 windows
  synthetic_0186.ticks: 180 obs, 120 windows
  synthetic_0187.ticks: 180 obs, 120 windows
  synthetic_0188.ticks: 180 obs, 120 windows
  synthetic_0189.ticks: 180 obs, 120 windows
  synthetic_0190.ticks: 180 obs, 120 windows
  synthetic_0191.ticks: 180 obs, 120 windows
  synthetic_0192.ticks: 180 obs, 120 windows
  synthetic_0193.ticks: 180 obs, 120 windows
  synthetic_0194.ticks: 180 obs, 120 windows
  synthetic_0195.ticks: 180 obs, 120 windows
  synthetic_0196.ticks: 180 obs, 120 windows
  synthetic_0197.ticks: 180 obs, 120 windows
  synthetic_0198.ticks: 180 obs, 120 windows
  synthetic_0199.ticks: 180 obs, 120 windows
  synthetic_0200.ticks: 180 obs, 120 windows
  synthetic_0201.ticks: 180 obs, 120 windows
  synthetic_0202.ticks: 180 obs, 120 windows
  synthetic_0203.ticks: 180 obs, 120 windows
  synthetic_0204.ticks: 180 obs, 120 windows
  synthetic_0205.ticks: 180 obs, 120 windows
  synthetic_0206.ticks: 180 obs, 120 windows
  synthetic_0207.ticks: 180 obs, 120 windows
  synthetic_0208.ticks: 180 obs, 120 windows
  synthetic_0209.ticks: 180 obs, 120 windows
  synthetic_0210.ticks: 180 obs, 120 windows
  synthetic_0211.ticks: 180 obs, 120 windows
  synthetic_0212.ticks: 180 obs, 120 windows
  synthetic_0213.ticks: 180 obs, 120 windows
  synthetic_0214.ticks: 180 obs, 120 windows
  synthetic_0215.ticks: 180 obs, 120 windows
  synthetic_0216.ticks: 180 obs, 120 windows
  synthetic_0217.ticks: 180 obs, 120 windows
  synthetic_0218.ticks: 180 obs, 120 windows
  synthetic_0219.ticks: 180 obs, 120 windows
  synthetic_0220.ticks: 180 obs, 120 windows
  synthetic_0221.ticks: 180 obs, 120 windows
  synthetic_0222.ticks: 180 obs, 120 windows
  synthetic_0223.ticks: 180 obs, 120 windows
  synthetic_0224.ticks: 180 obs, 120 windows
  synthetic_0225.ticks: 180 obs, 120 windows
  synthetic_0226.ticks: 180 obs, 120 windows
  synthetic_0227.ticks: 180 obs, 120 windows
  synthetic_0228.ticks: 180 obs, 120 windows
  synthetic_0229.ticks: 180 obs, 120 windows
  synthetic_0230.ticks: 180 obs, 120 windows
  synthetic_0231.ticks: 180 obs, 120 windows
  synthetic_0232.ticks: 180 obs, 120 windows
  synthetic_0233.ticks: 180 obs, 120 windows
  synthetic_0234.ticks: 180 obs, 120 windows
  synthetic_0235.ticks: 180 obs, 120 windows
  synthetic_0236.ticks: 180 obs, 120 windows
  synthetic_0237.ticks: 180 obs, 120 windows
  synthetic_0238.ticks: 180 obs, 120 windows
  synthetic_0239.ticks: 180 obs, 120 windows
  synthetic_0240.ticks: 180 obs, 120 windows
  synthetic_0241.ticks: 180 obs, 120 windows
  synthetic_0242.ticks: 180 obs, 120 windows
  synthetic_0243.ticks: 180 obs, 120 windows
  synthetic_0244.ticks: 180 obs, 120 windows
  synthetic_0245.ticks: 180 obs, 120 windows
  synthetic_0246.ticks: 180 obs, 120 windows
  synthetic_0247.ticks: 180 obs, 120 windows
  synthetic_0248.ticks: 180 obs, 120 windows
  synthetic_0249.ticks: 180 obs, 120 windows
  synthetic_0250.ticks: 180 obs, 120 windows
  synthetic_0251.ticks: 180 obs, 120 windows
  synthetic_0252.ticks: 180 obs, 120 windows
  synthetic_0253.ticks: 180 obs, 120 windows
  synthetic_0254.ticks: 180 obs, 120 windows
  synthetic_0255.ticks: 180 obs, 120 windows
  synthetic_0256.ticks: 180 obs, 120 windows
  synthetic_0257.ticks: 180 obs, 120 windows
  synthetic_0258.ticks: 180 obs, 120 windows
  synthetic_0259.ticks: 180 obs, 120 windows
  synthetic_0260.ticks: 180 obs, 120 windows
  synthetic_0261.ticks: 180 obs, 120 windows
  synthetic_0262.ticks: 180 obs, 120 windows
  synthetic_0263.ticks: 180 obs, 120 windows
  synthetic_0264.ticks: 180 obs, 120 windows
  synthetic_0265.ticks: 180 obs, 120 windows
  synthetic_0266.ticks: 180 obs, 120 windows
  synthetic_0267.ticks: 180 obs, 120 windows
  synthetic_0268.ticks: 180 obs, 120 windows
  synthetic_0269.ticks: 180 obs, 120 windows
  synthetic_0270.ticks: 180 obs, 120 windows
  synthetic_0271.ticks: 180 obs, 120 windows
  synthetic_0272.ticks: 180 obs, 120 windows
  synthetic_0273.ticks: 180 obs, 120 windows
  synthetic_0274.ticks: 180 obs, 120 windows
  synthetic_0275.ticks: 180 obs, 120 windows
  synthetic_0276.ticks: 180 obs, 120 windows
  synthetic_0277.ticks: 180 obs, 120 windows
  synthetic_0278.ticks: 180 obs, 120 windows
  synthetic_0279.ticks: 180 obs, 120 windows
  synthetic_0280.ticks: 180 obs, 120 windows
  synthetic_0281.ticks: 180 obs, 120 windows
  synthetic_0282.ticks: 180 obs, 120 windows
  synthetic_0283.ticks: 180 obs, 120 windows
  synthetic_0284.ticks: 180 obs, 120 windows
  synthetic_0285.ticks: 180 obs, 120 windows
  synthetic_0286.ticks: 180 obs, 120 windows
  synthetic_0287.ticks: 180 obs, 120 windows
  synthetic_0288.ticks: 180 obs, 120 windows
  synthetic_0289.ticks: 180 obs, 120 windows
  synthetic_0290.ticks: 180 obs, 120 windows
  synthetic_0291.ticks: 180 obs, 120 windows
  synthetic_0292.ticks: 180 obs, 120 windows
  synthetic_0293.ticks: 180 obs, 120 windows
  synthetic_0294.ticks: 180 obs, 120 windows
  synthetic_0295.ticks: 180 obs, 120 windows
  synthetic_0296.ticks: 180 obs, 120 windows
  synthetic_0297.ticks: 180 obs, 120 windows
  synthetic_0298.ticks: 180 obs, 120 windows
  synthetic_0299.ticks: 180 obs, 120 windows

Total windows: 36000
Building HDF5: data/training_300_cache.h5

Processing synthetic_0000.ticks...
Traceback (most recent call last):
  File "C:\Users\Ben\Desktop\artifishial_intelligence_v2\rebuild_h5_cache.py", line 167, in build_cache
    nav_train[global_idx] = 0  # Placeholder nav data
    ~~~~~~~~~^^^^^^^^^^^^
  File "h5py/_objects.pyx", line 54, in h5py._objects.with_phil.wrapper
  File "h5py/_objects.pyx", line 55, in h5py._objects.with_phil.wrapper
  File "C:\Users\Ben\AppData\Local\Packages\PythonSoftwareFoundation.Python.3.13_qbz5n2kfra8p0\LocalCache\local-packages\Python313\site-packages\h5py\_hl\dataset.py", line 1110, in __setitem__
    self.id.write(mspace, fspace, val, mtype, dxpl=self._dxpl)
    ~~~~~~~~~~~~~^^^^^^^^^^^^^^^^^^^^^^^^^^^^^^^^^^^^^^^^^^^^^
  File "h5py/_objects.pyx", line 54, in h5py._objects.with_phil.wrapper
  File "h5py/_objects.pyx", line 55, in h5py._objects.with_phil.wrapper
  File "h5py/h5d.pyx", line 305, in h5py.h5d.DatasetID.write
  File "h5py/_proxy.pyx", line 122, in h5py._proxy.dset_rw
OSError: [Errno 28] Can't synchronously write data (file write failed: time = Mon May 11 03:10:21 2026
, filename = 'data/training_300_cache.h5', file descriptor = 3, errno = 28, error message = 'No space left on device', buf = 00000236F8643048, total write size = 65536, bytes this sub-write = 65536, offset = 398133363248)

During handling of the above exception, another exception occurred:

Traceback (most recent call last):
  File "C:\Users\Ben\Desktop\artifishial_intelligence_v2\rebuild_h5_cache.py", line 178, in <module>
    build_cache("data/training_300/", "data/training_300_cache.h5")
    ~~~~~~~~~~~^^^^^^^^^^^^^^^^^^^^^^^^^^^^^^^^^^^^^^^^^^^^^^^^^^^^
  File "C:\Users\Ben\Desktop\artifishial_intelligence_v2\rebuild_h5_cache.py", line 80, in build_cache
    with h5py.File(output_h5, 'w') as h5:
         ~~~~~~~~~^^^^^^^^^^^^^^^^
  File "h5py/_objects.pyx", line 54, in h5py._objects.with_phil.wrapper
  File "h5py/_objects.pyx", line 55, in h5py._objects.with_phil.wrapper
  File "C:\Users\Ben\AppData\Local\Packages\PythonSoftwareFoundation.Python.3.13_qbz5n2kfra8p0\LocalCache\local-packages\Python313\site-packages\h5py\_hl\files.py", line 638, in __exit__
    self.close()
    ~~~~~~~~~~^^
  File "C:\Users\Ben\AppData\Local\Packages\PythonSoftwareFoundation.Python.3.13_qbz5n2kfra8p0\LocalCache\local-packages\Python313\site-packages\h5py\_hl\files.py", line 620, in close
    self.id._close_open_objects(h5f.OBJ_LOCAL | ~h5f.OBJ_FILE)
    ~~~~~~~~~~~~~~~~~~~~~~~~~~~^^^^^^^^^^^^^^^^^^^^^^^^^^^^^^^
  File "h5py/_objects.pyx", line 54, in h5py._objects.with_phil.wrapper
  File "h5py/_objects.pyx", line 55, in h5py._objects.with_phil.wrapper
  File "h5py/h5f.pyx", line 359, in h5py.h5f.FileID._close_open_objects
RuntimeError: Can't decrement id ref count (file write failed: time = Mon May 11 03:10:21 2026
, filename = 'data/training_300_cache.h5', file descriptor = 3, errno = 28, error message = 'No space left on device', buf = 00000236F8AAE048, total write size = 65536, bytes this sub-write = 65536, offset = 398131203248)
Traceback (most recent call last):
  File "h5py/_objects.pyx", line 210, in h5py._objects.ObjectID._dealloc
  File "h5py/_objects.pyx", line 213, in h5py._objects.ObjectID._dealloc
RuntimeError: Can't decrement id ref count (can't decrement ref. count)
Exception ignored in: 'h5py._objects.ObjectID.__dealloc__'
Traceback (most recent call last):
  File "h5py/_objects.pyx", line 210, in h5py._objects.ObjectID._dealloc
  File "h5py/_objects.pyx", line 213, in h5py._objects.ObjectID._dealloc
RuntimeError: Can't decrement id ref count (can't decrement ref. count)
Traceback (most recent call last):
  File "h5py/_objects.pyx", line 210, in h5py._objects.ObjectID._dealloc
  File "h5py/_objects.pyx", line 213, in h5py._objects.ObjectID._dealloc
RuntimeError: Can't decrement id ref count (file write failed: time = Mon May 11 03:10:21 2026
, filename = 'data/training_300_cache.h5', file descriptor = 3, errno = 28, error message = 'No space left on device', buf = 00000236F8643048, total write size = 65536, bytes this sub-write = 65536, offset = 398133363248)
Exception ignored in: 'h5py._objects.ObjectID.__dealloc__'
Traceback (most recent call last):
  File "h5py/_objects.pyx", line 210, in h5py._objects.ObjectID._dealloc
  File "h5py/_objects.pyx", line 213, in h5py._objects.ObjectID._dealloc
RuntimeError: Can't decrement id ref count (file write failed: time = Mon May 11 03:10:21 2026
, filename = 'data/training_300_cache.h5', file descriptor = 3, errno = 28, error message = 'No space left on device', buf = 00000236F8643048, total write size = 65536, bytes this sub-write = 65536, offset = 398133363248)
Traceback (most recent call last):
  File "h5py/_objects.pyx", line 210, in h5py._objects.ObjectID._dealloc
  File "h5py/_objects.pyx", line 213, in h5py._objects.ObjectID._dealloc
RuntimeError: Can't decrement id ref count (file write failed: time = Mon May 11 03:10:21 2026
, filename = 'data/training_300_cache.h5', file descriptor = 3, errno = 28, error message = 'No space left on device', buf = 00000236FFB02048, total write size = 65536, bytes this sub-write = 65536, offset = 398193843248)
Exception ignored in: 'h5py._objects.ObjectID.__dealloc__'
Traceback (most recent call last):
  File "h5py/_objects.pyx", line 210, in h5py._objects.ObjectID._dealloc
  File "h5py/_objects.pyx", line 213, in h5py._objects.ObjectID._dealloc
RuntimeError: Can't decrement id ref count (file write failed: time = Mon May 11 03:10:21 2026
, filename = 'data/training_300_cache.h5', file descriptor = 3, errno = 28, error message = 'No space left on device', buf = 00000236FFB02048, total write size = 65536, bytes this sub-write = 65536, offset = 398193843248)
